2024-03-04 19:36:44,297 INFO o.a.j.u.JMeterUtils: Setting Locale to en_EN
2024-03-04 19:36:44,335 INFO o.a.j.JMeter: Loading user properties from: /opt/homebrew/Cellar/jmeter/5.6.2/libexec/bin/user.properties
2024-03-04 19:36:44,335 INFO o.a.j.JMeter: Loading system properties from: /opt/homebrew/Cellar/jmeter/5.6.2/libexec/bin/system.properties
2024-03-04 19:36:44,339 INFO o.a.j.JMeter: Copyright (c) 1998-2023 The Apache Software Foundation
2024-03-04 19:36:44,339 INFO o.a.j.JMeter: Version 5.6.2
2024-03-04 19:36:44,339 INFO o.a.j.JMeter: java.version=21.0.1
2024-03-04 19:36:44,339 INFO o.a.j.JMeter: java.vm.name=OpenJDK 64-Bit Server VM
2024-03-04 19:36:44,340 INFO o.a.j.JMeter: os.name=Mac OS X
2024-03-04 19:36:44,340 INFO o.a.j.JMeter: os.arch=aarch64
2024-03-04 19:36:44,340 INFO o.a.j.JMeter: os.version=14.3.1
2024-03-04 19:36:44,340 INFO o.a.j.JMeter: file.encoding=UTF-8
2024-03-04 19:36:44,340 INFO o.a.j.JMeter: java.awt.headless=null
2024-03-04 19:36:44,340 INFO o.a.j.JMeter: Max memory     =1073741824
2024-03-04 19:36:44,340 INFO o.a.j.JMeter: Available Processors =8
2024-03-04 19:36:44,350 INFO o.a.j.JMeter: Default Locale=English (EN)
2024-03-04 19:36:44,350 INFO o.a.j.JMeter: JMeter  Locale=English (EN)
2024-03-04 19:36:44,350 INFO o.a.j.JMeter: JMeterHome=/opt/homebrew/Cellar/jmeter/5.6.2/libexec
2024-03-04 19:36:44,350 INFO o.a.j.JMeter: user.dir  =/Users/rosemarries/Documents/Works/Year3/Year3_2/SoftDev_Practice/robot_lab_test
2024-03-04 19:36:44,350 INFO o.a.j.JMeter: PWD       =/Users/rosemarries/Documents/Works/Year3/Year3_2/SoftDev_Practice/robot_lab_test
2024-03-04 19:36:44,352 INFO o.a.j.JMeter: IP: 127.0.0.1 Name: Rosemarriess-MacBook.local FullName: localhost
2024-03-04 19:36:44,361 INFO o.a.j.JMeter: Loaded icon properties from org/apache/jmeter/images/icon.properties
2024-03-04 19:36:45,085 INFO o.a.j.JMeterGuiLauncher: Setting LAF to: com.github.weisj.darklaf.DarkLaf:com.github.weisj.darklaf.theme.DarculaTheme
2024-03-04 19:36:49,584 INFO o.a.j.r.ClassFinder: Will scan jar /opt/homebrew/Cellar/jmeter/5.6.2/libexec/lib/ext/jmeter-plugins-manager-1.9.jar with filter ExtendsClassFilter [parents=[interface org.apache.jmeter.gui.action.Command], inner=false, contains=null, notContains=null]. Consider exposing JMeter plugins via META-INF/services, and add JMeter-Skip-Class-Scanning=true manifest attribute so JMeter can skip classfile scanning
2024-03-04 19:36:49,845 INFO o.a.j.r.ClassFinder: Will scan jar /opt/homebrew/Cellar/jmeter/5.6.2/libexec/lib/ext/jmeter-plugins-manager-1.9.jar with filter ExtendsClassFilter [parents=[interface org.apache.jmeter.gui.plugin.MenuCreator], inner=false, contains=null, notContains=null]. Consider exposing JMeter plugins via META-INF/services, and add JMeter-Skip-Class-Scanning=true manifest attribute so JMeter can skip classfile scanning
2024-03-04 19:36:49,952 INFO o.j.r.JARSourceHTTP: Requesting https://jmeter-plugins.org/repo/?installID=mac_os_x-4fa7a57325a56849324646cb5de82c4f-gui
2024-03-04 19:36:52,632 INFO o.j.r.PluginManager: Plugins Status: [jpgc-plugins-manager=1.9, jmeter-core=5.6.2, jmeter-ftp=5.6.2, jmeter-http=5.6.2, jmeter-jdbc=5.6.2, jmeter-jms=5.6.2, jmeter-junit=5.6.2, jmeter-java=5.6.2, jmeter-ldap=5.6.2, jmeter-mail=5.6.2, jmeter-mongodb=5.6.2, jmeter-native=5.6.2, jmeter-tcp=5.6.2, jmeter-components=5.6.2]
2024-03-04 19:36:52,635 INFO o.j.r.PluginManagerMenuItem: Plugins Manager has upgrades: [jpgc-plugins-manager]
2024-03-04 19:37:40,071 INFO o.a.j.p.h.s.HTTPSamplerBase: Parser for text/html is org.apache.jmeter.protocol.http.parser.LagartoBasedHtmlParser
2024-03-04 19:37:40,072 INFO o.a.j.p.h.s.HTTPSamplerBase: Parser for application/xhtml+xml is org.apache.jmeter.protocol.http.parser.LagartoBasedHtmlParser
2024-03-04 19:37:40,072 INFO o.a.j.p.h.s.HTTPSamplerBase: Parser for application/xml is org.apache.jmeter.protocol.http.parser.LagartoBasedHtmlParser
2024-03-04 19:37:40,072 INFO o.a.j.p.h.s.HTTPSamplerBase: Parser for text/xml is org.apache.jmeter.protocol.http.parser.LagartoBasedHtmlParser
2024-03-04 19:37:40,072 INFO o.a.j.p.h.s.HTTPSamplerBase: Parser for text/vnd.wap.wml is org.apache.jmeter.protocol.http.parser.RegexpHTMLParser
2024-03-04 19:37:40,072 INFO o.a.j.p.h.s.HTTPSamplerBase: Parser for text/css is org.apache.jmeter.protocol.http.parser.CssParser
2024-03-04 19:38:51,565 INFO o.a.j.e.StandardJMeterEngine: Running the test!
2024-03-04 19:38:51,567 INFO o.a.j.s.SampleEvent: List of sample_variables: []
2024-03-04 19:38:51,567 INFO o.a.j.s.SampleEvent: List of sample_variables: []
2024-03-04 19:38:51,568 INFO o.a.j.e.u.CompoundVariable: Note: Function class names must contain the string: '.functions.'
2024-03-04 19:38:51,569 INFO o.a.j.e.u.CompoundVariable: Note: Function class names must not contain the string: '.gui.'
2024-03-04 19:38:51,622 INFO o.a.j.r.ClassFinder: Will scan jar /opt/homebrew/Cellar/jmeter/5.6.2/libexec/lib/ext/jmeter-plugins-manager-1.9.jar with filter ExtendsClassFilter [parents=[interface org.apache.jmeter.functions.Function], inner=false, contains=null, notContains=null]. Consider exposing JMeter plugins via META-INF/services, and add JMeter-Skip-Class-Scanning=true manifest attribute so JMeter can skip classfile scanning
2024-03-04 19:38:51,627 INFO o.a.j.g.u.JMeterMenuBar: setRunning(true, *local*)
2024-03-04 19:38:51,678 INFO o.a.j.e.StandardJMeterEngine: Starting ThreadGroup: 1 : Is Prime
2024-03-04 19:38:51,678 INFO o.a.j.e.StandardJMeterEngine: Starting 10 threads for group Is Prime.
2024-03-04 19:38:51,679 INFO o.a.j.e.StandardJMeterEngine: Thread will continue on error
2024-03-04 19:38:51,679 INFO o.a.j.t.ThreadGroup: Starting thread group... number=1 threads=10 ramp-up=10 delayedStart=false
2024-03-04 19:38:51,681 INFO o.a.j.t.JMeterThread: Thread started: Is Prime 1-1
2024-03-04 19:38:51,690 INFO o.a.j.t.ThreadGroup: Started thread group number 1
2024-03-04 19:38:51,690 INFO o.a.j.e.StandardJMeterEngine: All thread groups have been started
2024-03-04 19:38:51,691 INFO o.a.j.s.SampleResult: Note: Sample TimeStamps are START times
2024-03-04 19:38:51,691 INFO o.a.j.s.SampleResult: sampleresult.default.encoding is set to UTF-8
2024-03-04 19:38:51,691 INFO o.a.j.s.SampleResult: sampleresult.useNanoTime=true
2024-03-04 19:38:51,691 INFO o.a.j.s.SampleResult: sampleresult.nanoThreadSleep=5000
2024-03-04 19:38:51,693 INFO o.a.j.t.JMeterThread: Thread is done: Is Prime 1-1
2024-03-04 19:38:51,693 INFO o.a.j.t.JMeterThread: Thread finished: Is Prime 1-1
2024-03-04 19:38:52,684 INFO o.a.j.t.JMeterThread: Thread started: Is Prime 1-2
2024-03-04 19:38:52,686 INFO o.a.j.t.JMeterThread: Thread is done: Is Prime 1-2
2024-03-04 19:38:52,686 INFO o.a.j.t.JMeterThread: Thread finished: Is Prime 1-2
2024-03-04 19:38:53,685 INFO o.a.j.t.JMeterThread: Thread started: Is Prime 1-3
2024-03-04 19:38:53,687 INFO o.a.j.t.JMeterThread: Thread is done: Is Prime 1-3
2024-03-04 19:38:53,687 INFO o.a.j.t.JMeterThread: Thread finished: Is Prime 1-3
2024-03-04 19:38:54,685 INFO o.a.j.t.JMeterThread: Thread started: Is Prime 1-4
2024-03-04 19:38:54,687 INFO o.a.j.t.JMeterThread: Thread is done: Is Prime 1-4
2024-03-04 19:38:54,687 INFO o.a.j.t.JMeterThread: Thread finished: Is Prime 1-4
2024-03-04 19:38:55,684 INFO o.a.j.t.JMeterThread: Thread started: Is Prime 1-5
2024-03-04 19:38:55,687 INFO o.a.j.t.JMeterThread: Thread is done: Is Prime 1-5
2024-03-04 19:38:55,687 INFO o.a.j.t.JMeterThread: Thread finished: Is Prime 1-5
2024-03-04 19:38:56,686 INFO o.a.j.t.JMeterThread: Thread started: Is Prime 1-6
2024-03-04 19:38:56,687 INFO o.a.j.t.JMeterThread: Thread is done: Is Prime 1-6
2024-03-04 19:38:56,687 INFO o.a.j.t.JMeterThread: Thread finished: Is Prime 1-6
2024-03-04 19:38:57,688 INFO o.a.j.t.JMeterThread: Thread started: Is Prime 1-7
2024-03-04 19:38:57,689 INFO o.a.j.t.JMeterThread: Thread is done: Is Prime 1-7
2024-03-04 19:38:57,689 INFO o.a.j.t.JMeterThread: Thread finished: Is Prime 1-7
2024-03-04 19:38:58,687 INFO o.a.j.t.JMeterThread: Thread started: Is Prime 1-8
2024-03-04 19:38:58,689 INFO o.a.j.t.JMeterThread: Thread is done: Is Prime 1-8
2024-03-04 19:38:58,689 INFO o.a.j.t.JMeterThread: Thread finished: Is Prime 1-8
2024-03-04 19:38:59,684 INFO o.a.j.t.JMeterThread: Thread started: Is Prime 1-9
2024-03-04 19:38:59,685 INFO o.a.j.t.JMeterThread: Thread is done: Is Prime 1-9
2024-03-04 19:38:59,685 INFO o.a.j.t.JMeterThread: Thread finished: Is Prime 1-9
2024-03-04 19:39:00,687 INFO o.a.j.t.JMeterThread: Thread started: Is Prime 1-10
2024-03-04 19:39:00,689 INFO o.a.j.t.JMeterThread: Thread is done: Is Prime 1-10
2024-03-04 19:39:00,690 INFO o.a.j.t.JMeterThread: Thread finished: Is Prime 1-10
2024-03-04 19:39:00,690 INFO o.a.j.e.StandardJMeterEngine: Notifying test listeners of end of test
2024-03-04 19:39:00,693 INFO o.a.j.s.FileServer: Default base='/Users/rosemarries/Documents/Works/Year3/Year3_2/SoftDev_Practice/robot_lab_test'
2024-03-04 19:39:00,694 INFO o.a.j.g.u.JMeterMenuBar: setRunning(false, *local*)
2024-03-04 19:39:21,711 INFO o.a.j.s.FileServer: Set new base='/Users/rosemarries/Documents/Works/Year3/Year3_2/SoftDev_Practice/jmeter'
2024-03-04 19:39:21,855 INFO o.a.j.s.SaveService: Testplan (JMX) version: 2.2. Testlog (JTL) version: 2.2
2024-03-04 19:39:21,862 INFO o.a.j.s.SaveService: Using SaveService properties version 5.0
2024-03-04 19:39:21,863 INFO o.a.j.s.SaveService: Using SaveService properties file encoding UTF-8
2024-03-04 19:39:21,880 INFO o.a.j.e.StandardJMeterEngine: Running the test!
2024-03-04 19:39:21,880 INFO o.a.j.s.SampleEvent: List of sample_variables: []
2024-03-04 19:39:21,880 INFO o.a.j.g.u.JMeterMenuBar: setRunning(true, *local*)
2024-03-04 19:39:21,917 INFO o.a.j.e.StandardJMeterEngine: Starting ThreadGroup: 1 : Is Prime
2024-03-04 19:39:21,917 INFO o.a.j.e.StandardJMeterEngine: Starting 10 threads for group Is Prime.
2024-03-04 19:39:21,917 INFO o.a.j.e.StandardJMeterEngine: Thread will continue on error
2024-03-04 19:39:21,917 INFO o.a.j.t.ThreadGroup: Starting thread group... number=1 threads=10 ramp-up=10 delayedStart=false
2024-03-04 19:39:21,918 INFO o.a.j.t.JMeterThread: Thread started: Is Prime 1-1
2024-03-04 19:39:21,919 INFO o.a.j.t.JMeterThread: Thread is done: Is Prime 1-1
2024-03-04 19:39:21,920 INFO o.a.j.t.ThreadGroup: Started thread group number 1
2024-03-04 19:39:21,921 INFO o.a.j.e.StandardJMeterEngine: All thread groups have been started
2024-03-04 19:39:21,921 INFO o.a.j.t.JMeterThread: Thread finished: Is Prime 1-1
2024-03-04 19:39:22,919 INFO o.a.j.t.JMeterThread: Thread started: Is Prime 1-2
2024-03-04 19:39:22,920 INFO o.a.j.t.JMeterThread: Thread is done: Is Prime 1-2
2024-03-04 19:39:22,920 INFO o.a.j.t.JMeterThread: Thread finished: Is Prime 1-2
2024-03-04 19:39:23,919 INFO o.a.j.t.JMeterThread: Thread started: Is Prime 1-3
2024-03-04 19:39:23,920 INFO o.a.j.t.JMeterThread: Thread is done: Is Prime 1-3
2024-03-04 19:39:23,920 INFO o.a.j.t.JMeterThread: Thread finished: Is Prime 1-3
2024-03-04 19:39:24,923 INFO o.a.j.t.JMeterThread: Thread started: Is Prime 1-4
2024-03-04 19:39:24,924 INFO o.a.j.t.JMeterThread: Thread is done: Is Prime 1-4
2024-03-04 19:39:24,924 INFO o.a.j.t.JMeterThread: Thread finished: Is Prime 1-4
2024-03-04 19:39:25,922 INFO o.a.j.t.JMeterThread: Thread started: Is Prime 1-5
2024-03-04 19:39:25,923 INFO o.a.j.t.JMeterThread: Thread is done: Is Prime 1-5
2024-03-04 19:39:25,923 INFO o.a.j.t.JMeterThread: Thread finished: Is Prime 1-5
2024-03-04 19:39:26,922 INFO o.a.j.t.JMeterThread: Thread started: Is Prime 1-6
2024-03-04 19:39:26,924 INFO o.a.j.t.JMeterThread: Thread is done: Is Prime 1-6
2024-03-04 19:39:26,924 INFO o.a.j.t.JMeterThread: Thread finished: Is Prime 1-6
2024-03-04 19:39:27,922 INFO o.a.j.t.JMeterThread: Thread started: Is Prime 1-7
2024-03-04 19:39:27,924 INFO o.a.j.t.JMeterThread: Thread is done: Is Prime 1-7
2024-03-04 19:39:27,924 INFO o.a.j.t.JMeterThread: Thread finished: Is Prime 1-7
2024-03-04 19:39:28,922 INFO o.a.j.t.JMeterThread: Thread started: Is Prime 1-8
2024-03-04 19:39:28,924 INFO o.a.j.t.JMeterThread: Thread is done: Is Prime 1-8
2024-03-04 19:39:28,924 INFO o.a.j.t.JMeterThread: Thread finished: Is Prime 1-8
2024-03-04 19:39:29,921 INFO o.a.j.t.JMeterThread: Thread started: Is Prime 1-9
2024-03-04 19:39:29,923 INFO o.a.j.t.JMeterThread: Thread is done: Is Prime 1-9
2024-03-04 19:39:29,924 INFO o.a.j.t.JMeterThread: Thread finished: Is Prime 1-9
2024-03-04 19:39:30,922 INFO o.a.j.t.JMeterThread: Thread started: Is Prime 1-10
2024-03-04 19:39:30,924 INFO o.a.j.t.JMeterThread: Thread is done: Is Prime 1-10
2024-03-04 19:39:30,924 INFO o.a.j.t.JMeterThread: Thread finished: Is Prime 1-10
2024-03-04 19:39:30,925 INFO o.a.j.e.StandardJMeterEngine: Notifying test listeners of end of test
2024-03-04 19:39:30,925 INFO o.a.j.g.u.JMeterMenuBar: setRunning(false, *local*)
2024-03-04 19:39:36,722 INFO o.a.j.e.StandardJMeterEngine: Running the test!
2024-03-04 19:39:36,723 INFO o.a.j.s.SampleEvent: List of sample_variables: []
2024-03-04 19:39:36,723 INFO o.a.j.g.u.JMeterMenuBar: setRunning(true, *local*)
2024-03-04 19:39:36,751 INFO o.a.j.e.StandardJMeterEngine: Starting ThreadGroup: 1 : Is Prime
2024-03-04 19:39:36,751 INFO o.a.j.e.StandardJMeterEngine: Starting 10 threads for group Is Prime.
2024-03-04 19:39:36,752 INFO o.a.j.e.StandardJMeterEngine: Thread will continue on error
2024-03-04 19:39:36,752 INFO o.a.j.t.ThreadGroup: Starting thread group... number=1 threads=10 ramp-up=10 delayedStart=false
2024-03-04 19:39:36,752 INFO o.a.j.t.JMeterThread: Thread started: Is Prime 1-1
2024-03-04 19:39:36,753 INFO o.a.j.t.JMeterThread: Thread is done: Is Prime 1-1
2024-03-04 19:39:36,753 INFO o.a.j.t.JMeterThread: Thread finished: Is Prime 1-1
2024-03-04 19:39:36,754 INFO o.a.j.t.ThreadGroup: Started thread group number 1
2024-03-04 19:39:36,754 INFO o.a.j.e.StandardJMeterEngine: All thread groups have been started
2024-03-04 19:39:37,758 INFO o.a.j.t.JMeterThread: Thread started: Is Prime 1-2
2024-03-04 19:39:37,760 INFO o.a.j.t.JMeterThread: Thread is done: Is Prime 1-2
2024-03-04 19:39:37,760 INFO o.a.j.t.JMeterThread: Thread finished: Is Prime 1-2
2024-03-04 19:39:38,756 INFO o.a.j.t.JMeterThread: Thread started: Is Prime 1-3
2024-03-04 19:39:38,757 INFO o.a.j.t.JMeterThread: Thread is done: Is Prime 1-3
2024-03-04 19:39:38,757 INFO o.a.j.t.JMeterThread: Thread finished: Is Prime 1-3
2024-03-04 19:39:39,758 INFO o.a.j.t.JMeterThread: Thread started: Is Prime 1-4
2024-03-04 19:39:39,760 INFO o.a.j.t.JMeterThread: Thread is done: Is Prime 1-4
2024-03-04 19:39:39,761 INFO o.a.j.t.JMeterThread: Thread finished: Is Prime 1-4
2024-03-04 19:39:40,757 INFO o.a.j.t.JMeterThread: Thread started: Is Prime 1-5
2024-03-04 19:39:40,758 INFO o.a.j.t.JMeterThread: Thread is done: Is Prime 1-5
2024-03-04 19:39:40,758 INFO o.a.j.t.JMeterThread: Thread finished: Is Prime 1-5
2024-03-04 19:39:41,758 INFO o.a.j.t.JMeterThread: Thread started: Is Prime 1-6
2024-03-04 19:39:41,760 INFO o.a.j.t.JMeterThread: Thread is done: Is Prime 1-6
2024-03-04 19:39:41,760 INFO o.a.j.t.JMeterThread: Thread finished: Is Prime 1-6
2024-03-04 19:39:42,756 INFO o.a.j.t.JMeterThread: Thread started: Is Prime 1-7
2024-03-04 19:39:42,759 INFO o.a.j.t.JMeterThread: Thread is done: Is Prime 1-7
2024-03-04 19:39:42,759 INFO o.a.j.t.JMeterThread: Thread finished: Is Prime 1-7
2024-03-04 19:39:43,753 INFO o.a.j.t.JMeterThread: Thread started: Is Prime 1-8
2024-03-04 19:39:43,753 INFO o.a.j.t.JMeterThread: Thread is done: Is Prime 1-8
2024-03-04 19:39:43,754 INFO o.a.j.t.JMeterThread: Thread finished: Is Prime 1-8
2024-03-04 19:39:44,757 INFO o.a.j.t.JMeterThread: Thread started: Is Prime 1-9
2024-03-04 19:39:44,758 INFO o.a.j.t.JMeterThread: Thread is done: Is Prime 1-9
2024-03-04 19:39:44,758 INFO o.a.j.t.JMeterThread: Thread finished: Is Prime 1-9
2024-03-04 19:39:45,757 INFO o.a.j.t.JMeterThread: Thread started: Is Prime 1-10
2024-03-04 19:39:45,759 INFO o.a.j.t.JMeterThread: Thread is done: Is Prime 1-10
2024-03-04 19:39:45,760 INFO o.a.j.t.JMeterThread: Thread finished: Is Prime 1-10
2024-03-04 19:39:45,760 INFO o.a.j.e.StandardJMeterEngine: Notifying test listeners of end of test
2024-03-04 19:39:45,761 INFO o.a.j.g.u.JMeterMenuBar: setRunning(false, *local*)
2024-03-04 19:40:37,965 INFO o.a.j.e.StandardJMeterEngine: Running the test!
2024-03-04 19:40:37,966 INFO o.a.j.s.SampleEvent: List of sample_variables: []
2024-03-04 19:40:37,967 INFO o.a.j.g.u.JMeterMenuBar: setRunning(true, *local*)
2024-03-04 19:40:38,006 INFO o.a.j.e.StandardJMeterEngine: Starting ThreadGroup: 1 : Is Prime
2024-03-04 19:40:38,006 INFO o.a.j.e.StandardJMeterEngine: Starting 10 threads for group Is Prime.
2024-03-04 19:40:38,006 INFO o.a.j.e.StandardJMeterEngine: Thread will continue on error
2024-03-04 19:40:38,006 INFO o.a.j.t.ThreadGroup: Starting thread group... number=1 threads=10 ramp-up=10 delayedStart=false
2024-03-04 19:40:38,007 INFO o.a.j.t.JMeterThread: Thread started: Is Prime 1-1
2024-03-04 19:40:38,008 INFO o.a.j.t.JMeterThread: Thread is done: Is Prime 1-1
2024-03-04 19:40:38,008 INFO o.a.j.t.JMeterThread: Thread finished: Is Prime 1-1
2024-03-04 19:40:38,009 INFO o.a.j.t.ThreadGroup: Started thread group number 1
2024-03-04 19:40:38,009 INFO o.a.j.e.StandardJMeterEngine: All thread groups have been started
2024-03-04 19:40:39,012 INFO o.a.j.t.JMeterThread: Thread started: Is Prime 1-2
2024-03-04 19:40:39,013 INFO o.a.j.t.JMeterThread: Thread is done: Is Prime 1-2
2024-03-04 19:40:39,013 INFO o.a.j.t.JMeterThread: Thread finished: Is Prime 1-2
2024-03-04 19:40:40,013 INFO o.a.j.t.JMeterThread: Thread started: Is Prime 1-3
2024-03-04 19:40:40,014 INFO o.a.j.t.JMeterThread: Thread is done: Is Prime 1-3
2024-03-04 19:40:40,014 INFO o.a.j.t.JMeterThread: Thread finished: Is Prime 1-3
2024-03-04 19:40:41,014 INFO o.a.j.t.JMeterThread: Thread started: Is Prime 1-4
2024-03-04 19:40:41,015 INFO o.a.j.t.JMeterThread: Thread is done: Is Prime 1-4
2024-03-04 19:40:41,015 INFO o.a.j.t.JMeterThread: Thread finished: Is Prime 1-4
2024-03-04 19:40:42,013 INFO o.a.j.t.JMeterThread: Thread started: Is Prime 1-5
2024-03-04 19:40:42,014 INFO o.a.j.t.JMeterThread: Thread is done: Is Prime 1-5
2024-03-04 19:40:42,015 INFO o.a.j.t.JMeterThread: Thread finished: Is Prime 1-5
2024-03-04 19:40:43,013 INFO o.a.j.t.JMeterThread: Thread started: Is Prime 1-6
2024-03-04 19:40:43,014 INFO o.a.j.t.JMeterThread: Thread is done: Is Prime 1-6
2024-03-04 19:40:43,014 INFO o.a.j.t.JMeterThread: Thread finished: Is Prime 1-6
2024-03-04 19:40:44,013 INFO o.a.j.t.JMeterThread: Thread started: Is Prime 1-7
2024-03-04 19:40:44,014 INFO o.a.j.t.JMeterThread: Thread is done: Is Prime 1-7
2024-03-04 19:40:44,014 INFO o.a.j.t.JMeterThread: Thread finished: Is Prime 1-7
2024-03-04 19:40:45,009 INFO o.a.j.t.JMeterThread: Thread started: Is Prime 1-8
2024-03-04 19:40:45,012 INFO o.a.j.t.JMeterThread: Thread is done: Is Prime 1-8
2024-03-04 19:40:45,012 INFO o.a.j.t.JMeterThread: Thread finished: Is Prime 1-8
2024-03-04 19:40:46,009 INFO o.a.j.t.JMeterThread: Thread started: Is Prime 1-9
2024-03-04 19:40:46,010 INFO o.a.j.t.JMeterThread: Thread is done: Is Prime 1-9
2024-03-04 19:40:46,010 INFO o.a.j.t.JMeterThread: Thread finished: Is Prime 1-9
2024-03-04 19:40:47,013 INFO o.a.j.t.JMeterThread: Thread started: Is Prime 1-10
2024-03-04 19:40:47,014 INFO o.a.j.t.JMeterThread: Thread is done: Is Prime 1-10
2024-03-04 19:40:47,014 INFO o.a.j.t.JMeterThread: Thread finished: Is Prime 1-10
2024-03-04 19:40:47,014 INFO o.a.j.e.StandardJMeterEngine: Notifying test listeners of end of test
2024-03-04 19:40:47,014 INFO o.a.j.g.u.JMeterMenuBar: setRunning(false, *local*)
2024-03-04 19:41:01,444 INFO o.a.j.e.StandardJMeterEngine: Running the test!
2024-03-04 19:41:01,445 INFO o.a.j.s.SampleEvent: List of sample_variables: []
2024-03-04 19:41:01,445 INFO o.a.j.g.u.JMeterMenuBar: setRunning(true, *local*)
2024-03-04 19:41:01,475 INFO o.a.j.e.StandardJMeterEngine: Starting ThreadGroup: 1 : Is Prime
2024-03-04 19:41:01,475 INFO o.a.j.e.StandardJMeterEngine: Starting 10 threads for group Is Prime.
2024-03-04 19:41:01,476 INFO o.a.j.e.StandardJMeterEngine: Thread will continue on error
2024-03-04 19:41:01,476 INFO o.a.j.t.ThreadGroup: Starting thread group... number=1 threads=10 ramp-up=10 delayedStart=false
2024-03-04 19:41:01,476 INFO o.a.j.t.JMeterThread: Thread started: Is Prime 1-1
2024-03-04 19:41:01,478 INFO o.a.j.t.ThreadGroup: Started thread group number 1
2024-03-04 19:41:01,478 INFO o.a.j.e.StandardJMeterEngine: All thread groups have been started
2024-03-04 19:41:01,488 INFO o.a.j.p.h.s.HTTPHCAbstractImpl: Local host = Rosemarriess-MacBook.local
2024-03-04 19:41:01,494 INFO o.a.j.p.h.s.HTTPHC4Impl: HTTP request retry count = 0
2024-03-04 19:41:01,543 INFO o.a.j.t.JMeterThread: Thread is done: Is Prime 1-1
2024-03-04 19:41:01,543 INFO o.a.j.t.JMeterThread: Thread finished: Is Prime 1-1
2024-03-04 19:41:02,482 INFO o.a.j.t.JMeterThread: Thread started: Is Prime 1-2
2024-03-04 19:41:02,491 INFO o.a.j.t.JMeterThread: Thread is done: Is Prime 1-2
2024-03-04 19:41:02,491 INFO o.a.j.t.JMeterThread: Thread finished: Is Prime 1-2
2024-03-04 19:41:03,478 INFO o.a.j.t.JMeterThread: Thread started: Is Prime 1-3
2024-03-04 19:41:03,489 INFO o.a.j.t.JMeterThread: Thread is done: Is Prime 1-3
2024-03-04 19:41:03,489 INFO o.a.j.t.JMeterThread: Thread finished: Is Prime 1-3
2024-03-04 19:41:04,482 INFO o.a.j.t.JMeterThread: Thread started: Is Prime 1-4
2024-03-04 19:41:04,489 INFO o.a.j.t.JMeterThread: Thread is done: Is Prime 1-4
2024-03-04 19:41:04,489 INFO o.a.j.t.JMeterThread: Thread finished: Is Prime 1-4
2024-03-04 19:41:05,481 INFO o.a.j.t.JMeterThread: Thread started: Is Prime 1-5
2024-03-04 19:41:05,486 INFO o.a.j.t.JMeterThread: Thread is done: Is Prime 1-5
2024-03-04 19:41:05,486 INFO o.a.j.t.JMeterThread: Thread finished: Is Prime 1-5
2024-03-04 19:41:06,481 INFO o.a.j.t.JMeterThread: Thread started: Is Prime 1-6
2024-03-04 19:41:06,486 INFO o.a.j.t.JMeterThread: Thread is done: Is Prime 1-6
2024-03-04 19:41:06,486 INFO o.a.j.t.JMeterThread: Thread finished: Is Prime 1-6
2024-03-04 19:41:07,482 INFO o.a.j.t.JMeterThread: Thread started: Is Prime 1-7
2024-03-04 19:41:07,487 INFO o.a.j.t.JMeterThread: Thread is done: Is Prime 1-7
2024-03-04 19:41:07,488 INFO o.a.j.t.JMeterThread: Thread finished: Is Prime 1-7
2024-03-04 19:41:08,478 INFO o.a.j.t.JMeterThread: Thread started: Is Prime 1-8
2024-03-04 19:41:08,483 INFO o.a.j.t.JMeterThread: Thread is done: Is Prime 1-8
2024-03-04 19:41:08,484 INFO o.a.j.t.JMeterThread: Thread finished: Is Prime 1-8
2024-03-04 19:41:09,482 INFO o.a.j.t.JMeterThread: Thread started: Is Prime 1-9
2024-03-04 19:41:09,487 INFO o.a.j.t.JMeterThread: Thread is done: Is Prime 1-9
2024-03-04 19:41:09,487 INFO o.a.j.t.JMeterThread: Thread finished: Is Prime 1-9
2024-03-04 19:41:10,477 INFO o.a.j.t.JMeterThread: Thread started: Is Prime 1-10
2024-03-04 19:41:10,482 INFO o.a.j.t.JMeterThread: Thread is done: Is Prime 1-10
2024-03-04 19:41:10,482 INFO o.a.j.t.JMeterThread: Thread finished: Is Prime 1-10
2024-03-04 19:41:10,483 INFO o.a.j.e.StandardJMeterEngine: Notifying test listeners of end of test
2024-03-04 19:41:10,483 INFO o.a.j.g.u.JMeterMenuBar: setRunning(false, *local*)
2024-03-04 19:41:19,257 INFO o.a.j.e.StandardJMeterEngine: Running the test!
2024-03-04 19:41:19,257 INFO o.a.j.s.SampleEvent: List of sample_variables: []
2024-03-04 19:41:19,258 INFO o.a.j.g.u.JMeterMenuBar: setRunning(true, *local*)
2024-03-04 19:41:19,292 INFO o.a.j.e.StandardJMeterEngine: Starting ThreadGroup: 1 : Is Prime
2024-03-04 19:41:19,292 INFO o.a.j.e.StandardJMeterEngine: Starting 10 threads for group Is Prime.
2024-03-04 19:41:19,292 INFO o.a.j.e.StandardJMeterEngine: Thread will continue on error
2024-03-04 19:41:19,292 INFO o.a.j.t.ThreadGroup: Starting thread group... number=1 threads=10 ramp-up=10 delayedStart=false
2024-03-04 19:41:19,293 INFO o.a.j.t.JMeterThread: Thread started: Is Prime 1-1
2024-03-04 19:41:19,294 INFO o.a.j.t.ThreadGroup: Started thread group number 1
2024-03-04 19:41:19,295 INFO o.a.j.e.StandardJMeterEngine: All thread groups have been started
2024-03-04 19:41:19,298 INFO o.a.j.t.JMeterThread: Thread is done: Is Prime 1-1
2024-03-04 19:41:19,298 INFO o.a.j.t.JMeterThread: Thread finished: Is Prime 1-1
2024-03-04 19:41:20,297 INFO o.a.j.t.JMeterThread: Thread started: Is Prime 1-2
2024-03-04 19:41:20,307 INFO o.a.j.t.JMeterThread: Thread is done: Is Prime 1-2
2024-03-04 19:41:20,307 INFO o.a.j.t.JMeterThread: Thread finished: Is Prime 1-2
2024-03-04 19:41:21,294 INFO o.a.j.t.JMeterThread: Thread started: Is Prime 1-3
2024-03-04 19:41:21,303 INFO o.a.j.t.JMeterThread: Thread is done: Is Prime 1-3
2024-03-04 19:41:21,303 INFO o.a.j.t.JMeterThread: Thread finished: Is Prime 1-3
2024-03-04 19:41:22,297 INFO o.a.j.t.JMeterThread: Thread started: Is Prime 1-4
2024-03-04 19:41:22,302 INFO o.a.j.t.JMeterThread: Thread is done: Is Prime 1-4
2024-03-04 19:41:22,303 INFO o.a.j.t.JMeterThread: Thread finished: Is Prime 1-4
2024-03-04 19:41:23,298 INFO o.a.j.t.JMeterThread: Thread started: Is Prime 1-5
2024-03-04 19:41:23,308 INFO o.a.j.t.JMeterThread: Thread is done: Is Prime 1-5
2024-03-04 19:41:23,308 INFO o.a.j.t.JMeterThread: Thread finished: Is Prime 1-5
2024-03-04 19:41:24,298 INFO o.a.j.t.JMeterThread: Thread started: Is Prime 1-6
2024-03-04 19:41:24,308 INFO o.a.j.t.JMeterThread: Thread is done: Is Prime 1-6
2024-03-04 19:41:24,308 INFO o.a.j.t.JMeterThread: Thread finished: Is Prime 1-6
2024-03-04 19:41:25,298 INFO o.a.j.t.JMeterThread: Thread started: Is Prime 1-7
2024-03-04 19:41:25,302 INFO o.a.j.t.JMeterThread: Thread is done: Is Prime 1-7
2024-03-04 19:41:25,303 INFO o.a.j.t.JMeterThread: Thread finished: Is Prime 1-7
2024-03-04 19:41:26,297 INFO o.a.j.t.JMeterThread: Thread started: Is Prime 1-8
2024-03-04 19:41:26,302 INFO o.a.j.t.JMeterThread: Thread is done: Is Prime 1-8
2024-03-04 19:41:26,302 INFO o.a.j.t.JMeterThread: Thread finished: Is Prime 1-8
2024-03-04 19:41:27,297 INFO o.a.j.t.JMeterThread: Thread started: Is Prime 1-9
2024-03-04 19:41:27,303 INFO o.a.j.t.JMeterThread: Thread is done: Is Prime 1-9
2024-03-04 19:41:27,303 INFO o.a.j.t.JMeterThread: Thread finished: Is Prime 1-9
2024-03-04 19:41:28,298 INFO o.a.j.t.JMeterThread: Thread started: Is Prime 1-10
2024-03-04 19:41:28,304 INFO o.a.j.t.JMeterThread: Thread is done: Is Prime 1-10
2024-03-04 19:41:28,305 INFO o.a.j.t.JMeterThread: Thread finished: Is Prime 1-10
2024-03-04 19:41:28,305 INFO o.a.j.e.StandardJMeterEngine: Notifying test listeners of end of test
2024-03-04 19:41:28,305 INFO o.a.j.g.u.JMeterMenuBar: setRunning(false, *local*)
2024-03-04 19:41:46,108 INFO o.a.j.r.ClassFinder: Will scan jar /opt/homebrew/Cellar/jmeter/5.6.2/libexec/lib/ext/jmeter-plugins-manager-1.9.jar with filter ExtendsClassFilter [parents=[interface org.apache.jmeter.visualizers.ResultRenderer], inner=false, contains=null, notContains=null]. Consider exposing JMeter plugins via META-INF/services, and add JMeter-Skip-Class-Scanning=true manifest attribute so JMeter can skip classfile scanning
2024-03-04 19:41:46,123 INFO o.a.j.r.ClassFinder: Will scan jar /opt/homebrew/Cellar/jmeter/5.6.2/libexec/lib/ext/jmeter-plugins-manager-1.9.jar with filter ExtendsClassFilter [parents=[interface org.apache.jmeter.visualizers.RequestView], inner=false, contains=null, notContains=null]. Consider exposing JMeter plugins via META-INF/services, and add JMeter-Skip-Class-Scanning=true manifest attribute so JMeter can skip classfile scanning
2024-03-04 19:41:49,208 INFO o.a.j.e.StandardJMeterEngine: Running the test!
2024-03-04 19:41:49,208 INFO o.a.j.s.SampleEvent: List of sample_variables: []
2024-03-04 19:41:49,209 INFO o.a.j.g.u.JMeterMenuBar: setRunning(true, *local*)
2024-03-04 19:41:49,246 INFO o.a.j.e.StandardJMeterEngine: Starting ThreadGroup: 1 : Is Prime
2024-03-04 19:41:49,246 INFO o.a.j.e.StandardJMeterEngine: Starting 10 threads for group Is Prime.
2024-03-04 19:41:49,247 INFO o.a.j.e.StandardJMeterEngine: Thread will continue on error
2024-03-04 19:41:49,247 INFO o.a.j.t.ThreadGroup: Starting thread group... number=1 threads=10 ramp-up=10 delayedStart=false
2024-03-04 19:41:49,247 INFO o.a.j.t.JMeterThread: Thread started: Is Prime 1-1
2024-03-04 19:41:49,249 INFO o.a.j.t.ThreadGroup: Started thread group number 1
2024-03-04 19:41:49,249 INFO o.a.j.e.StandardJMeterEngine: All thread groups have been started
2024-03-04 19:41:49,281 INFO o.a.j.t.JMeterThread: Thread is done: Is Prime 1-1
2024-03-04 19:41:49,281 INFO o.a.j.t.JMeterThread: Thread finished: Is Prime 1-1
2024-03-04 19:41:50,252 INFO o.a.j.t.JMeterThread: Thread started: Is Prime 1-2
2024-03-04 19:41:50,256 INFO o.a.j.t.JMeterThread: Thread is done: Is Prime 1-2
2024-03-04 19:41:50,256 INFO o.a.j.t.JMeterThread: Thread finished: Is Prime 1-2
2024-03-04 19:41:51,252 INFO o.a.j.t.JMeterThread: Thread started: Is Prime 1-3
2024-03-04 19:41:51,255 INFO o.a.j.t.JMeterThread: Thread is done: Is Prime 1-3
2024-03-04 19:41:51,255 INFO o.a.j.t.JMeterThread: Thread finished: Is Prime 1-3
2024-03-04 19:41:52,252 INFO o.a.j.t.JMeterThread: Thread started: Is Prime 1-4
2024-03-04 19:41:52,260 INFO o.a.j.t.JMeterThread: Thread is done: Is Prime 1-4
2024-03-04 19:41:52,261 INFO o.a.j.t.JMeterThread: Thread finished: Is Prime 1-4
2024-03-04 19:41:53,253 INFO o.a.j.t.JMeterThread: Thread started: Is Prime 1-5
2024-03-04 19:41:53,258 INFO o.a.j.t.JMeterThread: Thread is done: Is Prime 1-5
2024-03-04 19:41:53,258 INFO o.a.j.t.JMeterThread: Thread finished: Is Prime 1-5
2024-03-04 19:41:54,253 INFO o.a.j.t.JMeterThread: Thread started: Is Prime 1-6
2024-03-04 19:41:54,262 INFO o.a.j.t.JMeterThread: Thread is done: Is Prime 1-6
2024-03-04 19:41:54,263 INFO o.a.j.t.JMeterThread: Thread finished: Is Prime 1-6
2024-03-04 19:41:55,253 INFO o.a.j.t.JMeterThread: Thread started: Is Prime 1-7
2024-03-04 19:41:55,257 INFO o.a.j.t.JMeterThread: Thread is done: Is Prime 1-7
2024-03-04 19:41:55,257 INFO o.a.j.t.JMeterThread: Thread finished: Is Prime 1-7
2024-03-04 19:41:56,253 INFO o.a.j.t.JMeterThread: Thread started: Is Prime 1-8
2024-03-04 19:41:56,257 INFO o.a.j.t.JMeterThread: Thread is done: Is Prime 1-8
2024-03-04 19:41:56,257 INFO o.a.j.t.JMeterThread: Thread finished: Is Prime 1-8
2024-03-04 19:41:57,253 INFO o.a.j.t.JMeterThread: Thread started: Is Prime 1-9
2024-03-04 19:41:57,260 INFO o.a.j.t.JMeterThread: Thread is done: Is Prime 1-9
2024-03-04 19:41:57,260 INFO o.a.j.t.JMeterThread: Thread finished: Is Prime 1-9
2024-03-04 19:41:58,252 INFO o.a.j.t.JMeterThread: Thread started: Is Prime 1-10
2024-03-04 19:41:58,258 INFO o.a.j.t.JMeterThread: Thread is done: Is Prime 1-10
2024-03-04 19:41:58,258 INFO o.a.j.t.JMeterThread: Thread finished: Is Prime 1-10
2024-03-04 19:41:58,258 INFO o.a.j.e.StandardJMeterEngine: Notifying test listeners of end of test
2024-03-04 19:41:58,259 INFO o.a.j.g.u.JMeterMenuBar: setRunning(false, *local*)
